

Started GET "/" for 127.0.0.1 at 2015-01-25 13:45:18 +0100
Processing by Rails::WelcomeController#index as HTML
  Rendered /Users/kehindeayanleye/.rvm/gems/ruby-2.1.3/gems/railties-4.2.0.beta4/lib/rails/templates/rails/welcome/index.html.erb (1.8ms)
Completed 200 OK in 67ms (Views: 48.4ms | ActiveRecord: 0.0ms)
  [1m[36m (1.6ms)[0m  [1mCREATE TABLE "schema_migrations" ("version" varchar NOT NULL) [0m
  [1m[35m (0.1ms)[0m  select sqlite_version(*)
  [1m[36m (1.3ms)[0m  [1mCREATE UNIQUE INDEX "unique_schema_migrations" ON "schema_migrations" ("version")[0m
  [1m[35mActiveRecord::SchemaMigration Load (0.1ms)[0m  SELECT "schema_migrations".* FROM "schema_migrations"
Migrating to CreatePosts (20150125124541)
  [1m[36m (0.1ms)[0m  [1mbegin transaction[0m
  [1m[35m (0.4ms)[0m  CREATE TABLE "posts" ("id" INTEGER PRIMARY KEY AUTOINCREMENT NOT NULL, "title" varchar, "body" text, "created_at" datetime NOT NULL, "updated_at" datetime NOT NULL) 
  [1m[36m (0.5ms)[0m  [1mrollback transaction[0m
  [1m[36mActiveRecord::SchemaMigration Load (0.1ms)[0m  [1mSELECT "schema_migrations".* FROM "schema_migrations"[0m
Migrating to CreatePosts (20150125124541)
  [1m[35m (0.1ms)[0m  begin transaction
  [1m[36m (0.4ms)[0m  [1mCREATE TABLE "posts" ("id" INTEGER PRIMARY KEY AUTOINCREMENT NOT NULL, "title" varchar, "body" text, "created_at" datetime NOT NULL, "updated_at" datetime NOT NULL) [0m
  [1m[35m (1.3ms)[0m  rollback transaction
  [1m[36mActiveRecord::SchemaMigration Load (0.1ms)[0m  [1mSELECT "schema_migrations".* FROM "schema_migrations"[0m
Migrating to CreatePosts (20150125124541)
  [1m[35m (0.0ms)[0m  begin transaction
  [1m[36m (0.5ms)[0m  [1mCREATE TABLE "posts" ("id" INTEGER PRIMARY KEY AUTOINCREMENT NOT NULL, "title" varchar, "body" text, "created_at" datetime NOT NULL, "updated_at" datetime NOT NULL) [0m
  [1m[35m (1.4ms)[0m  rollback transaction
  [1m[36mActiveRecord::SchemaMigration Load (0.1ms)[0m  [1mSELECT "schema_migrations".* FROM "schema_migrations"[0m
Migrating to CreatePosts (20150125124541)
  [1m[35m (0.1ms)[0m  begin transaction
  [1m[36m (0.4ms)[0m  [1mCREATE TABLE "posts" ("id" INTEGER PRIMARY KEY AUTOINCREMENT NOT NULL, "title" varchar, "body" text, "created_at" datetime NOT NULL, "updated_at" datetime NOT NULL) [0m
  [1m[35m (1.3ms)[0m  rollback transaction
  [1m[36m (2.2ms)[0m  [1mCREATE TABLE "schema_migrations" ("version" varchar NOT NULL) [0m
  [1m[35m (0.1ms)[0m  select sqlite_version(*)
  [1m[36m (0.9ms)[0m  [1mCREATE UNIQUE INDEX "unique_schema_migrations" ON "schema_migrations" ("version")[0m
  [1m[35mActiveRecord::SchemaMigration Load (0.1ms)[0m  SELECT "schema_migrations".* FROM "schema_migrations"
Migrating to CreatePosts (20150125124541)
  [1m[36m (0.0ms)[0m  [1mbegin transaction[0m
  [1m[35m (0.5ms)[0m  CREATE TABLE "posts" ("id" INTEGER PRIMARY KEY AUTOINCREMENT NOT NULL, "title" varchar, "body" text, "created_at" datetime NOT NULL, "updated_at" datetime NOT NULL) 
  [1m[36m (0.6ms)[0m  [1mrollback transaction[0m
  [1m[36mActiveRecord::SchemaMigration Load (0.1ms)[0m  [1mSELECT "schema_migrations".* FROM "schema_migrations"[0m
Migrating to CreatePosts (20150125124541)
  [1m[35m (0.1ms)[0m  begin transaction
  [1m[36m (0.4ms)[0m  [1mCREATE TABLE "posts" ("id" INTEGER PRIMARY KEY AUTOINCREMENT NOT NULL, "title" varchar, "body" text, "created_at" datetime NOT NULL, "updated_at" datetime NOT NULL) [0m
  [1m[35m (242.9ms)[0m  rollback transaction
  [1m[36mActiveRecord::SchemaMigration Load (0.1ms)[0m  [1mSELECT "schema_migrations".* FROM "schema_migrations"[0m
Migrating to CreatePosts (20150125124541)
  [1m[35m (0.1ms)[0m  begin transaction
  [1m[36m (0.4ms)[0m  [1mCREATE TABLE "posts" ("id" INTEGER PRIMARY KEY AUTOINCREMENT NOT NULL, "title" varchar, "body" text, "created_at" datetime NOT NULL, "updated_at" datetime NOT NULL) [0m
  [1m[35m (1.3ms)[0m  rollback transaction
  [1m[36mActiveRecord::SchemaMigration Load (0.1ms)[0m  [1mSELECT "schema_migrations".* FROM "schema_migrations"[0m
Migrating to CreatePosts (20150125124541)
  [1m[35m (0.1ms)[0m  begin transaction
  [1m[36m (0.5ms)[0m  [1mCREATE TABLE "posts" ("id" INTEGER PRIMARY KEY AUTOINCREMENT NOT NULL, "title" varchar, "body" text, "created_at" datetime NOT NULL, "updated_at" datetime NOT NULL) [0m
  [1m[35mSQL (0.2ms)[0m  INSERT INTO "schema_migrations" ("version") VALUES (?)  [["version", "20150125124541"]]
  [1m[36m (1.4ms)[0m  [1mcommit transaction[0m
  [1m[35mActiveRecord::SchemaMigration Load (0.1ms)[0m  SELECT "schema_migrations".* FROM "schema_migrations"


Started GET "/" for 127.0.0.1 at 2015-01-25 13:55:40 +0100
  [1m[36mActiveRecord::SchemaMigration Load (0.1ms)[0m  [1mSELECT "schema_migrations".* FROM "schema_migrations"[0m
Processing by Rails::WelcomeController#index as HTML
  Rendered /Users/kehindeayanleye/.rvm/gems/ruby-2.1.3/gems/railties-4.2.0.beta4/lib/rails/templates/rails/welcome/index.html.erb (1.1ms)
Completed 200 OK in 13ms (Views: 6.1ms | ActiveRecord: 0.0ms)


Started GET "/posts/new" for 127.0.0.1 at 2015-01-25 13:55:59 +0100
Processing by PostsController#new as HTML
  Rendered posts/_form.html.erb (42.3ms)
  Rendered posts/new.html.erb within layouts/application (72.9ms)
Completed 200 OK in 1631ms (Views: 1624.2ms | ActiveRecord: 0.4ms)


Started GET "/assets/scaffolds-4082f26243f9dca54b081ba259101ed2.css?body=1" for 127.0.0.1 at 2015-01-25 13:56:00 +0100


Started GET "/assets/application-6612bd013a13682c9185fa3d87e56c3c.css?body=1" for 127.0.0.1 at 2015-01-25 13:56:00 +0100


Started GET "/assets/posts-c15e1c77cb5b3534b610348cb9f3c56d.css?body=1" for 127.0.0.1 at 2015-01-25 13:56:00 +0100


Started GET "/assets/jquery-dfb1e594c3e61a04cc388702c3feec1f.js?body=1" for 127.0.0.1 at 2015-01-25 13:56:00 +0100


Started GET "/assets/application-b5842a940d155e8a1408087a8982c718.js?body=1" for 127.0.0.1 at 2015-01-25 13:56:00 +0100


Started GET "/assets/turbolinks-cd9b4796a00484e994307ba96e05ce6b.js?body=1" for 127.0.0.1 at 2015-01-25 13:56:00 +0100


Started GET "/assets/jquery_ujs-d68671a1cc3ff7bd3f96ef9686111a5d.js?body=1" for 127.0.0.1 at 2015-01-25 13:56:00 +0100


Started GET "/assets/posts-5cf9e471f6dbffd4600ae141132a5888.js?body=1" for 127.0.0.1 at 2015-01-25 13:56:00 +0100


Started POST "/posts" for 127.0.0.1 at 2015-01-25 13:56:28 +0100
Processing by PostsController#create as HTML
  Parameters: {"utf8"=>"✓", "authenticity_token"=>"nfg+6L1Vr4nh8nIr05U7/EueQDimq5fXfzZkRTSZ/QDLrjF7MgJs1ZAHIfdR9lqtfkRlt87imSTlJ0vC09jmOQ==", "post"=>{"title"=>"Looking for a speaker?", "body"=>"I love talking about creating great user experiences. I've recently talked about the dangers of choice and design patterns that encourage simplicity at Full Frontal Conf in Brighton, HybridConf in Stockholm, and Aarhus Alpha in Aarhus. If you're hosting a conference or a meetup, don't hesitate to reach out."}, "commit"=>"Create Post"}
  [1m[35m (0.2ms)[0m  begin transaction
  [1m[36mSQL (0.4ms)[0m  [1mINSERT INTO "posts" ("body", "created_at", "title", "updated_at") VALUES (?, ?, ?, ?)[0m  [["body", "I love talking about creating great user experiences. I've recently talked about the dangers of choice and design patterns that encourage simplicity at Full Frontal Conf in Brighton, HybridConf in Stockholm, and Aarhus Alpha in Aarhus. If you're hosting a conference or a meetup, don't hesitate to reach out."], ["created_at", "2015-01-25 12:56:28.776229"], ["title", "Looking for a speaker?"], ["updated_at", "2015-01-25 12:56:28.776229"]]
  [1m[35m (1.3ms)[0m  commit transaction
Redirected to http://0.0.0.0:3000/posts/1
Completed 302 Found in 8ms (ActiveRecord: 1.9ms)


Started GET "/posts/1" for 127.0.0.1 at 2015-01-25 13:56:28 +0100
Processing by PostsController#show as HTML
  Parameters: {"id"=>"1"}
  [1m[36mPost Load (0.3ms)[0m  [1mSELECT  "posts".* FROM "posts" WHERE "posts"."id" = ? LIMIT 1[0m  [["id", 1]]
  Rendered posts/show.html.erb within layouts/application (0.9ms)
Completed 200 OK in 64ms (Views: 42.1ms | ActiveRecord: 0.3ms)


Started GET "/assets/posts-c15e1c77cb5b3534b610348cb9f3c56d.css?body=1" for 127.0.0.1 at 2015-01-25 13:56:28 +0100


Started GET "/assets/posts-5cf9e471f6dbffd4600ae141132a5888.js?body=1" for 127.0.0.1 at 2015-01-25 13:56:28 +0100


Started GET "/assets/turbolinks-cd9b4796a00484e994307ba96e05ce6b.js?body=1" for 127.0.0.1 at 2015-01-25 13:56:28 +0100


Started GET "/assets/jquery-dfb1e594c3e61a04cc388702c3feec1f.js?body=1" for 127.0.0.1 at 2015-01-25 13:56:28 +0100


Started GET "/assets/application-b5842a940d155e8a1408087a8982c718.js?body=1" for 127.0.0.1 at 2015-01-25 13:56:28 +0100


Started GET "/assets/jquery_ujs-d68671a1cc3ff7bd3f96ef9686111a5d.js?body=1" for 127.0.0.1 at 2015-01-25 13:56:28 +0100


Started GET "/posts/1" for 127.0.0.1 at 2015-01-25 13:56:54 +0100
Processing by PostsController#show as HTML
  Parameters: {"id"=>"1"}
Completed 500 Internal Server Error in 3ms

NoMethodError (undefined method `attr_accessible' for #<Class:0x007fc9d7cd90f8>):
  app/models/post.rb:2:in `<class:Post>'
  app/models/post.rb:1:in `<top (required)>'
  app/controllers/posts_controller.rb:67:in `set_post'


  Rendered /Users/kehindeayanleye/.rvm/gems/ruby-2.1.3/gems/web-console-2.0.0/lib/action_dispatch/templates/rescues/_source.erb (5.6ms)
  Rendered /Users/kehindeayanleye/.rvm/gems/ruby-2.1.3/gems/web-console-2.0.0/lib/action_dispatch/templates/rescues/_trace.html.erb (2.1ms)
  Rendered /Users/kehindeayanleye/.rvm/gems/ruby-2.1.3/gems/web-console-2.0.0/lib/action_dispatch/templates/rescues/_request_and_response.html.erb (0.8ms)
  Rendered /Users/kehindeayanleye/.rvm/gems/ruby-2.1.3/gems/web-console-2.0.0/lib/action_dispatch/templates/rescues/_web_console.html.erb (0.7ms)
  Rendered /Users/kehindeayanleye/.rvm/gems/ruby-2.1.3/gems/web-console-2.0.0/lib/action_dispatch/templates/rescues/diagnostics.html.erb within rescues/layout (28.4ms)


Started GET "/posts/1" for 127.0.0.1 at 2015-01-25 13:57:00 +0100
Processing by PostsController#show as HTML
  Parameters: {"id"=>"1"}
  [1m[35mPost Load (0.2ms)[0m  SELECT  "posts".* FROM "posts" WHERE "posts"."id" = ? LIMIT 1  [["id", 1]]
  Rendered posts/show.html.erb within layouts/application (0.3ms)
Completed 200 OK in 49ms (Views: 41.5ms | ActiveRecord: 0.6ms)


Started GET "/assets/posts-c15e1c77cb5b3534b610348cb9f3c56d.css?body=1" for 127.0.0.1 at 2015-01-25 13:57:00 +0100


Started GET "/assets/scaffolds-4082f26243f9dca54b081ba259101ed2.css?body=1" for 127.0.0.1 at 2015-01-25 13:57:00 +0100


Started GET "/assets/jquery_ujs-d68671a1cc3ff7bd3f96ef9686111a5d.js?body=1" for 127.0.0.1 at 2015-01-25 13:57:00 +0100


Started GET "/assets/jquery-dfb1e594c3e61a04cc388702c3feec1f.js?body=1" for 127.0.0.1 at 2015-01-25 13:57:00 +0100


Started GET "/assets/application-6612bd013a13682c9185fa3d87e56c3c.css?body=1" for 127.0.0.1 at 2015-01-25 13:57:00 +0100


Started GET "/assets/turbolinks-cd9b4796a00484e994307ba96e05ce6b.js?body=1" for 127.0.0.1 at 2015-01-25 13:57:00 +0100


Started GET "/assets/posts-5cf9e471f6dbffd4600ae141132a5888.js?body=1" for 127.0.0.1 at 2015-01-25 13:57:00 +0100


Started GET "/assets/application-b5842a940d155e8a1408087a8982c718.js?body=1" for 127.0.0.1 at 2015-01-25 13:57:00 +0100
